<?xml version="1.0" encoding="UTF-8"?>
<!-- Generated by org.testng.reporters.JUnitXMLReporter -->
<testsuite hostname="DESKTOP-BOFIN8C" ignored="0" name="RunEd" tests="1" failures="0" timestamp="2023-05-11T23:56:52 ICT" time="3.445" errors="0">
  <testcase name="@BeforeTest Rundriver" time="3.412" classname="Vluong_Day11.CommonService">
    <failure type="org.openqa.selenium.remote.http.ConnectionFailedException" message="Unable to establish websocket connection to http://localhost:62001/devtools/browser/d0dac5f5-7781-4fb4-ae1f-806d3c86ae0e
Build info: version: &amp;apos;4.8.1&amp;apos;, revision: &amp;apos;8ebccac989&amp;apos;
System info: os.name: &amp;apos;Windows 10&amp;apos;, os.arch: &amp;apos;amd64&amp;apos;, os.version: &amp;apos;10.0&amp;apos;, java.version: &amp;apos;1.8.0_361&amp;apos;
Driver info: driver.version: EdgeDriver">
      <![CDATA[org.openqa.selenium.remote.http.ConnectionFailedException: Unable to establish websocket connection to http://localhost:62001/devtools/browser/d0dac5f5-7781-4fb4-ae1f-806d3c86ae0e
Build info: version: '4.8.1', revision: '8ebccac989'
System info: os.name: 'Windows 10', os.arch: 'amd64', os.version: '10.0', java.version: '1.8.0_361'
Driver info: driver.version: EdgeDriver
at org.openqa.selenium.remote.http.netty.NettyWebSocket.<init>(NettyWebSocket.java:102)
at org.openqa.selenium.remote.http.netty.NettyWebSocket.lambda$create$3(NettyWebSocket.java:128)
at org.openqa.selenium.remote.http.netty.NettyClient.openSocket(NettyClient.java:107)
at org.openqa.selenium.devtools.Connection.<init>(Connection.java:78)
at org.openqa.selenium.chromium.ChromiumDriver.lambda$new$2(ChromiumDriver.java:116)
at java.util.Optional.map(Unknown Source)
at org.openqa.selenium.chromium.ChromiumDriver.<init>(ChromiumDriver.java:114)
at org.openqa.selenium.edge.EdgeDriver.<init>(EdgeDriver.java:54)
at org.openqa.selenium.edge.EdgeDriver.<init>(EdgeDriver.java:46)
at org.openqa.selenium.edge.EdgeDriver.<init>(EdgeDriver.java:42)
at Vluong_Day11.CommonService.Rundriver(CommonService.java:33)
... Removed 24 stack frames]]>
    </failure>
  </testcase> <!-- @BeforeTest Rundriver -->
  <testcase name="@AfterTest AfterRun" time="-1.683824212581E9" classname="Vluong_Day11.CommonService">
    <skipped/>
  </testcase> <!-- @AfterTest AfterRun -->
  <testcase name="TC_001RegisterNewUser" time="0.0" classname="Vluong_Day11.RegisterUser">
    <skipped/>
  </testcase> <!-- TC_001RegisterNewUser -->
</testsuite> <!-- RunEd -->
